<?xml version="1.0" encoding="UTF-8"?>
<testng-results ignored="0" total="1" passed="1" failed="0" skipped="0">
  <reporter-output>
  </reporter-output>
  <suite started-at="2024-02-26T17:21:02 IST" name="Suite" finished-at="2024-02-26T17:21:13 IST" duration-ms="10187">
    <groups>
    </groups>
    <test started-at="2024-02-26T17:21:02 IST" name="Test" finished-at="2024-02-26T17:21:13 IST" duration-ms="10187">
      <class name="Axis.TestNG.ParameterizedTesting">
        <test-method signature="parameterizedtest(java.lang.String)[pri:0, instance:Axis.TestNG.ParameterizedTesting@53ce1329]" started-at="2024-02-26T17:21:02 IST" name="parameterizedtest" finished-at="2024-02-26T17:21:13 IST" duration-ms="10108" status="PASS">
          <params>
            <param index="0">
              <value>
                <![CDATA[chrome]]>
              </value>
            </param>
          </params>
          <reporter-output>
          </reporter-output>
        </test-method> <!-- parameterizedtest -->
      </class> <!-- Axis.TestNG.ParameterizedTesting -->
    </test> <!-- Test -->
  </suite> <!-- Suite -->
</testng-results>
